<?xml version="1.0" encoding="UTF-8"?>
<!-- Generated by org.testng.reporters.JUnitReportReporter -->
<testsuite hostname="DESKTOP-DO2HC9C" failures="0" tests="2" name="com.TAE.tests.HomePageTest" time="128.297" errors="0" timestamp="28 May 2018 15:15:30 GMT" skipped="0">
  <testcase classname="com.TAE.tests.HomePageTest" name="endToEndPurchaseTest" time="98.496"/>
  <testcase classname="com.TAE.tests.HomePageTest" name="emptyCheckout" time="29.801"/>
</testsuite> <!-- com.TAE.tests.HomePageTest -->
